c:\users\alber\source\repos\assignment1\x64\release\assignment1.ipdb
c:\users\alber\source\repos\assignment1\x64\release\assignment1.iobj
c:\users\alber\source\repos\assignment1\assignment1\x64\release\vc142.pdb
c:\users\alber\source\repos\assignment1\assignment1\x64\release\session.obj
c:\users\alber\source\repos\assignment1\assignment1\x64\release\physical.obj
c:\users\alber\source\repos\assignment1\assignment1\x64\release\application.obj
c:\users\alber\source\repos\assignment1\x64\release\assignment1.exe
c:\users\alber\source\repos\assignment1\x64\release\assignment1.pdb
c:\users\alber\source\repos\assignment1\assignment1\x64\release\assignment1.res
c:\users\alber\source\repos\assignment1\assignment1\x64\release\assignment1.tlog\assignment1.write.1u.tlog
c:\users\alber\source\repos\assignment1\assignment1\x64\release\assignment1.tlog\cl.command.1.tlog
c:\users\alber\source\repos\assignment1\assignment1\x64\release\assignment1.tlog\cl.read.1.tlog
c:\users\alber\source\repos\assignment1\assignment1\x64\release\assignment1.tlog\cl.write.1.tlog
c:\users\alber\source\repos\assignment1\assignment1\x64\release\assignment1.tlog\link.command.1.tlog
c:\users\alber\source\repos\assignment1\assignment1\x64\release\assignment1.tlog\link.delete.1.tlog
c:\users\alber\source\repos\assignment1\assignment1\x64\release\assignment1.tlog\link.read.1.tlog
c:\users\alber\source\repos\assignment1\assignment1\x64\release\assignment1.tlog\link.write.1.tlog
c:\users\alber\source\repos\assignment1\assignment1\x64\release\assignment1.tlog\rc.command.1.tlog
c:\users\alber\source\repos\assignment1\assignment1\x64\release\assignment1.tlog\rc.read.1.tlog
c:\users\alber\source\repos\assignment1\assignment1\x64\release\assignment1.tlog\rc.write.1.tlog
